<?xml version="1.0" encoding="UTF-8"?>
<!-- Generated by org.testng.reporters.JUnitXMLReporter -->
<testsuite ignored="2" hostname="Santosh" failures="0" tests="2" name="Test" time="38.628" errors="0" timestamp="2023-09-04T19:40:41 IST">
  <testcase classname="automation.KyyboardMouseControl" name="handleAlerts" time="15.43"/>
  <testcase classname="automation.KyyboardMouseControl" name="handleFrames" time="22.985"/>
  <testcase classname="automation.KyyboardMouseControl" name="mousecontrol" time="0.0">
    <ignored/>
  </testcase> <!-- mousecontrol -->
  <testcase classname="automation.KyyboardMouseControl" name="kyeboardcontrol" time="0.0">
    <ignored/>
  </testcase> <!-- kyeboardcontrol -->
</testsuite> <!-- Test -->
