<?xml version="1.0" encoding="UTF-8"?>
<!-- Generated by org.testng.reporters.JUnitXMLReporter -->
<testsuite ignored="10" hostname="DESKTOP-TBLA2PR" failures="2" tests="2" name="Test(failed)" time="0.405" errors="0" timestamp="2023-08-18T19:31:14 IST">
  <testcase classname="learnTestNG.TestScenario1" name="first_tstcase" time="0.073">
    <failure type="java.lang.AssertionError" message="The following asserts failed:
	expected [Hello1] but found [Hello]">
      <![CDATA[java.lang.AssertionError: The following asserts failed:
expected [Hello1] but found [Hello]
at learnTestNG.TestScenario1.first_tstcase(TestScenario1.java:22)
at java.base/java.util.ArrayList.forEach(ArrayList.java:1511)
... Removed 29 stack frames]]>
    </failure>
  </testcase> <!-- first_tstcase -->
  <testcase classname="learnTestNG.TestScenario10" name="first_tstcase" time="0.007">
    <failure type="java.lang.AssertionError" message="expected [abc] but found [ABC]">
      <![CDATA[java.lang.AssertionError: expected [abc] but found [ABC]
at learnTestNG.TestScenario10.first_tstcase(TestScenario10.java:13)
at java.base/java.util.ArrayList.forEach(ArrayList.java:1511)
... Removed 33 stack frames]]>
    </failure>
  </testcase> <!-- first_tstcase -->
  <testcase classname="learnTestNG.TestScenario10" name="second_tstcase" time="0.0">
    <ignored/>
  </testcase> <!-- second_tstcase -->
  <testcase classname="learnTestNG.TestScenario1" name="fifth_tstcase" time="0.0">
    <ignored/>
  </testcase> <!-- fifth_tstcase -->
  <testcase classname="learnTestNG.TestScenario10" name="third_tstcase" time="0.0">
    <ignored/>
  </testcase> <!-- third_tstcase -->
  <testcase classname="learnTestNG.TestScenario1" name="forth_tstcase" time="0.0">
    <ignored/>
  </testcase> <!-- forth_tstcase -->
  <testcase classname="learnTestNG.TestScenario1" name="sixth_tstcase" time="0.0">
    <ignored/>
  </testcase> <!-- sixth_tstcase -->
  <testcase classname="learnTestNG.TestScenario1" name="third_tstcase" time="0.0">
    <ignored/>
  </testcase> <!-- third_tstcase -->
  <testcase classname="learnTestNG.TestScenario10" name="fifth_tstcase" time="0.0">
    <ignored/>
  </testcase> <!-- fifth_tstcase -->
  <testcase classname="learnTestNG.TestScenario10" name="forth_tstcase" time="0.0">
    <ignored/>
  </testcase> <!-- forth_tstcase -->
  <testcase classname="learnTestNG.TestScenario10" name="sixth_tstcase" time="0.0">
    <ignored/>
  </testcase> <!-- sixth_tstcase -->
  <testcase classname="learnTestNG.TestScenario1" name="second_tstcase" time="0.0">
    <ignored/>
  </testcase> <!-- second_tstcase -->
</testsuite> <!-- Test(failed) -->
